{"logTime": "0703/141644", "correlationVector":"A+uMMYjBntku/MRGfVl+nU.1","action":"SyncServerConnectionManagerRequest", "result":"SYNC_SERVER_OK", "context":{"environment":"Prod_southindia_prod-s01-004-apac-southindia", "migrationStage":"NotStarted", "server":"akswtt01400002i"}}
{"logTime": "0703/141644", "correlationVector":"A+uMMYjBntku/MRGfVl+nU.2","action":"ProcessGetUpdates", "result":"Done", "context":{"dataType":"Encryption Keys", "deleted":"0", "process_failed_to_decrypt":"0", "process_pending_decryption":"0", "process_success":"1", "total":"1"}}
{"logTime": "0703/141644", "correlationVector":"qdlxxJ4Gk74mtAgrmO5ydj","action":"SyncServerConnectionManagerRequest", "result":"SYNC_SERVER_OK", "context":{"environment":"", "migrationStage":"", "server":""}}
{"logTime": "0703/141644", "correlationVector":"qdlxxJ4Gk74mtAgrmO5ydj.0","action":"EncryptionKeysFetcher.DownloadKeys:", "result":"Success", "context":Key count: 7, Last key timestamp: 2025-06-01T01:40:04Z}
{"logTime": "0703/141644", "correlationVector":"qdlxxJ4Gk74mtAgrmO5ydj.1","action":"EncryptionKeysManager::SetEncryptionKeys:", "result":"Success", "context":Key names[7]:[s9AcC7gKBPDVONBUt3AUl0GisetXI2gLJkfMe7tTeT+KMUXy9fTKIvJJmTbHpMNPGsRv/gB2xlEN3u7yGBEGSQ==][c0WgEwuFCrAqSZOLSsNMjLfMqlXNJ3+kV22bbs6Of89qTwxEjcIgf0YJk7DK9fnyLFulGi4cj1XZCJyFYpFsEg==][8IuP4o8ohPcfeHhr0c2ToD5xKkWMdZM+VX/qDnDOSh0BnfMNxf9mXywaDfCmuS6j8BAEqjB383OAm7H5w8yNOQ==][lXRI/2E2ki2poDhFqP/BwALihTXZihfQhA9tyq3qbloPEkR/8nGrQJWYKvLurw5u+gr82OK3NNgsAMS37Q6A6w==][bRKXNqu5wEmgTfE/roXohUBt97c0vKha+jq97qzEp7A37RrsXxFYpyftmLAJwaz/HMkjroVzm+/seJseIwGgPw==][PGKzzXrUv3ZqowSMJgAIx6ZTatq6igwrz6sWXe1onBpQvTc9Bw5yXgnpLfPO6A+b61BgJ3DqhraVa2KIai5swg==][NiIbVtgtYXhNCz9svQ8PrSvilIu/jlYbeo8Z85/u2Khr67v0yYUEdc/v2PYLikeeRozhqwBdQw4oxq44eYte3A==]}
{"logTime": "0703/141644", "correlationVector":"qdlxxJ4Gk74mtAgrmO5ydj.2","action":"EncryptionKeysManager::SetEncryptionKeysWithTimestamps:", "result":"Success", "context":Key timestamps[7]:[2023-05-22T11:02:52Z][2023-11-19T01:34:01Z][2024-06-06T07:34:55Z][2024-10-04T00:36:05Z][2024-11-01T06:12:42Z][2024-11-24T11:22:05Z][2025-06-01T01:40:04Z]}
{"logTime": "0703/141644", "correlationVector":"A+uMMYjBntku/MRGfVl+nU","action":"Initial GetUpdates", "result":"", "context":Reason: NEW_CLIENT. cV=A+uMMYjBntku/MRGfVl+nU}
{"logTime": "0703/141644", "correlationVector":"A+uMMYjBntku/MRGfVl+nU.3","action":"GetUpdates Response", "result":"Success", "context":Received 1 update(s). cV=A+uMMYjBntku/MRGfVl+nU.0;server=akswtt01400002i;cloudType=Consumer;environment=Prod_southindia_prod-s01-004-apac-southindia;migrationStage=NotStarted}
{"logTime": "0703/141644", "correlationVector":"3MwKQ5d5Q6PiA0M2uxj2eU","action":"Initial GetUpdates", "result":"", "context":Reason: NEWLY_SUPPORTED_DATATYPE. cV=3MwKQ5d5Q6PiA0M2uxj2eU}
{"logTime": "0703/141645", "correlationVector":"3MwKQ5d5Q6PiA0M2uxj2eU.1","action":"SyncServerConnectionManagerRequest", "result":"SYNC_SERVER_OK", "context":{"environment":"Prod_southindia_prod-s01-004-apac-southindia", "migrationStage":"NotStarted", "server":"akswtt01400004v"}}
{"logTime": "0703/141645", "correlationVector":"3MwKQ5d5Q6PiA0M2uxj2eU.2","action":"ProcessGetUpdates", "result":"Done", "context":{"dataType":"Preferences", "deleted":"1", "process_failed_to_decrypt":"0", "process_pending_decryption":"0", "process_success":"90", "total":"90"}}
{"logTime": "0703/141645", "correlationVector":"3MwKQ5d5Q6PiA0M2uxj2eU.3","action":"ProcessGetUpdates", "result":"Done", "context":{"dataType":"Passwords", "deleted":"0", "process_failed_to_decrypt":"0", "process_pending_decryption":"0", "process_success":"90", "total":"90"}}
{"logTime": "0703/141645", "correlationVector":"3MwKQ5d5Q6PiA0M2uxj2eU.4","action":"ProcessGetUpdates", "result":"Done", "context":{"dataType":"Device Info", "deleted":"0", "process_failed_to_decrypt":"0", "process_pending_decryption":"0", "process_success":"3", "total":"3"}}
{"logTime": "0703/141645", "correlationVector":"3MwKQ5d5Q6PiA0M2uxj2eU.5","action":"GetUpdates Response", "result":"Success", "context":Received 183 update(s). cV=3MwKQ5d5Q6PiA0M2uxj2eU.0;server=akswtt01400004v;cloudType=Consumer;environment=Prod_southindia_prod-s01-004-apac-southindia;migrationStage=NotStarted}
{"logTime": "0703/141645", "correlationVector":"8VJhoSEL0en/7b5I5c3PVq","action":"Initial GetUpdates", "result":"", "context":Reason: NEWLY_SUPPORTED_DATATYPE. cV=8VJhoSEL0en/7b5I5c3PVq}
{"logTime": "0703/141646", "correlationVector":"8VJhoSEL0en/7b5I5c3PVq.1","action":"SyncServerConnectionManagerRequest", "result":"SYNC_SERVER_OK", "context":{"environment":"Prod_southindia_prod-s01-004-apac-southindia", "migrationStage":"NotStarted", "server":"akswtt01400000z"}}
{"logTime": "0703/141646", "correlationVector":"8VJhoSEL0en/7b5I5c3PVq.2","action":"ProcessGetUpdates", "result":"Done", "context":{"dataType":"Bookmarks", "deleted":"0", "process_failed_to_decrypt":"0", "process_pending_decryption":"0", "process_success":"18", "total":"18"}}
{"logTime": "0703/141646", "correlationVector":"8VJhoSEL0en/7b5I5c3PVq.3","action":"GetUpdates Response", "result":"Success", "context":Received 18 update(s). cV=8VJhoSEL0en/7b5I5c3PVq.0;server=akswtt01400000z;cloudType=Consumer;environment=Prod_southindia_prod-s01-004-apac-southindia;migrationStage=NotStarted}
{"logTime": "0703/141646", "correlationVector":"GrHUVRl0VXJYho918kVKgU","action":"Initial GetUpdates", "result":"", "context":Reason: NEWLY_SUPPORTED_DATATYPE. cV=GrHUVRl0VXJYho918kVKgU}
{"logTime": "0703/141646", "correlationVector":"GrHUVRl0VXJYho918kVKgU.1","action":"SyncServerConnectionManagerRequest", "result":"SYNC_SERVER_OK", "context":{"environment":"Prod_southindia_prod-s01-004-apac-southindia", "migrationStage":"NotStarted", "server":"akswtt014000048"}}
{"logTime": "0703/141646", "correlationVector":"GrHUVRl0VXJYho918kVKgU.2","action":"ProcessGetUpdates", "result":"Done", "context":{"dataType":"Autofill Profiles", "deleted":"1", "process_failed_to_decrypt":"0", "process_pending_decryption":"0", "process_success":"2", "total":"2"}}
{"logTime": "0703/141646", "correlationVector":"GrHUVRl0VXJYho918kVKgU.3","action":"ProcessGetUpdates", "result":"Done", "context":{"dataType":"Autofill", "deleted":"0", "process_failed_to_decrypt":"0", "process_pending_decryption":"0", "process_success":"25", "total":"25"}}
{"logTime": "0703/141646", "correlationVector":"GrHUVRl0VXJYho918kVKgU.4","action":"ProcessGetUpdates", "result":"Done", "context":{"dataType":"Extensions", "deleted":"0", "process_failed_to_decrypt":"0", "process_pending_decryption":"0", "process_success":"3", "total":"3"}}
{"logTime": "0703/141646", "correlationVector":"GrHUVRl0VXJYho918kVKgU.5","action":"ProcessGetUpdates", "result":"Done", "context":{"dataType":"Sessions", "deleted":"13", "process_failed_to_decrypt":"0", "process_pending_decryption":"0", "process_success":"14", "total":"14"}}
{"logTime": "0703/141646", "correlationVector":"GrHUVRl0VXJYho918kVKgU.6","action":"ProcessGetUpdates", "result":"Done", "context":{"dataType":"Edge Hub App Usage", "deleted":"3", "process_failed_to_decrypt":"0", "process_pending_decryption":"0", "process_success":"9", "total":"9"}}
{"logTime": "0703/141646", "correlationVector":"GrHUVRl0VXJYho918kVKgU.7","action":"GetUpdates Response", "result":"Success", "context":Received 53 update(s). cV=GrHUVRl0VXJYho918kVKgU.0;server=akswtt014000048;cloudType=Consumer;environment=Prod_southindia_prod-s01-004-apac-southindia;migrationStage=NotStarted}
{"logTime": "0703/141646", "correlationVector":"xRqYnBOwYhKJQD0w1oHauC","action":"Initial GetUpdates", "result":"", "context":Reason: NEWLY_SUPPORTED_DATATYPE. cV=xRqYnBOwYhKJQD0w1oHauC}
{"logTime": "0703/141646", "correlationVector":"xRqYnBOwYhKJQD0w1oHauC.1","action":"SyncServerConnectionManagerRequest", "result":"SYNC_SERVER_OK", "context":{"environment":"Prod_southindia_prod-s01-004-apac-southindia", "migrationStage":"NotStarted", "server":"akswtt01400004q"}}
{"logTime": "0703/141646", "correlationVector":"xRqYnBOwYhKJQD0w1oHauC.2","action":"GetUpdates Response", "result":"Success", "context":Received 0 update(s). cV=xRqYnBOwYhKJQD0w1oHauC.0;server=akswtt01400004q;cloudType=Consumer;environment=Prod_southindia_prod-s01-004-apac-southindia;migrationStage=NotStarted}
{"logTime": "0703/141646", "correlationVector":"HDCRPn8Y7CNOpl4P4Z9DG7","action":"Normal GetUpdate request", "result":"", "context":cV=HDCRPn8Y7CNOpl4P4Z9DG7
Nudged types: Bookmarks, Preferences, Sessions, Device Info, User Consents
Refresh requested types: Bookmarks, Preferences, Passwords, Autofill Profiles, Autofill, Extensions, Sessions, Extension settings, History Delete Directives, Device Info, User Consents, Send Tab To Self, Web Apps, History, Saved Tab Group, WebAuthn Credentials, Collection, Edge E Drop, Edge Hub App Usage, Edge Wallet, Encryption Keys}
{"logTime": "0703/141646", "correlationVector":"HDCRPn8Y7CNOpl4P4Z9DG7.1","action":"SyncServerConnectionManagerRequest", "result":"SYNC_SERVER_OK", "context":{"environment":"Prod_southindia_prod-s01-004-apac-southindia", "migrationStage":"NotStarted", "server":"akswtt01400004v"}}
{"logTime": "0703/141646", "correlationVector":"HDCRPn8Y7CNOpl4P4Z9DG7.2","action":"GetUpdates Response", "result":"Success", "context":Received 0 update(s). cV=HDCRPn8Y7CNOpl4P4Z9DG7.0;server=akswtt01400004v;cloudType=Consumer;environment=Prod_southindia_prod-s01-004-apac-southindia;migrationStage=NotStarted}
{"logTime": "0703/141646", "correlationVector":"SMivQYM1vQBXj06o5RRbs3","action":"Commit Request", "result":"", "context":Item count: 17
Contributing types: Bookmarks, Preferences, Sessions, Device Info, User Consents}
{"logTime": "0703/141647", "correlationVector":"SMivQYM1vQBXj06o5RRbs3.1","action":"SyncServerConnectionManagerRequest", "result":"SYNC_SERVER_OK", "context":{"environment":"Prod_southindia_prod-s01-004-apac-southindia", "migrationStage":"NotStarted", "server":"akswtt01400000g"}}
{"logTime": "0703/141647", "correlationVector":"SMivQYM1vQBXj06o5RRbs3.2","action":"Commit Response", "result":"Success", "context":Result: Success. cV=SMivQYM1vQBXj06o5RRbs3.0;server=akswtt01400000g;cloudType=Consumer;environment=Prod_southindia_prod-s01-004-apac-southindia;migrationStage=NotStarted}
{"logTime": "0703/141657", "correlationVector":"PxZ06t4621eDGsQmHsSXVr","action":"Commit Request", "result":"", "context":Item count: 4
Contributing types: Preferences, Sessions, History}
{"logTime": "0703/141658", "correlationVector":"PxZ06t4621eDGsQmHsSXVr.1","action":"SyncServerConnectionManagerRequest", "result":"SYNC_SERVER_OK", "context":{"environment":"Prod_southindia_prod-s01-004-apac-southindia", "migrationStage":"NotStarted", "server":"akswtt01400003t"}}
{"logTime": "0703/141658", "correlationVector":"PxZ06t4621eDGsQmHsSXVr.2","action":"Commit Response", "result":"Success", "context":Result: Success. cV=PxZ06t4621eDGsQmHsSXVr.0;server=akswtt01400003t;cloudType=Consumer;environment=Prod_southindia_prod-s01-004-apac-southindia;migrationStage=NotStarted}
{"logTime": "0703/141716", "correlationVector":"FkYMVB2VdjAePJSLdPqX7w","action":"Commit Request", "result":"", "context":Item count: 5
Contributing types: Preferences, Sessions, History}
{"logTime": "0703/141719", "correlationVector":"FkYMVB2VdjAePJSLdPqX7w.1","action":"SyncServerConnectionManagerRequest", "result":"SYNC_SERVER_OK", "context":{"environment":"Prod_southindia_prod-s01-004-apac-southindia", "migrationStage":"NotStarted", "server":"akswtt014000010"}}
{"logTime": "0703/141719", "correlationVector":"FkYMVB2VdjAePJSLdPqX7w.2","action":"Commit Response", "result":"Success", "context":Result: Success. cV=FkYMVB2VdjAePJSLdPqX7w.0;server=akswtt014000010;cloudType=Consumer;environment=Prod_southindia_prod-s01-004-apac-southindia;migrationStage=NotStarted}
{"logTime": "0703/141819", "correlationVector":"+35yzzKNh13nzmM0aXk/gh","action":"Commit Request", "result":"", "context":Item count: 5
Contributing types: Sessions, History}
{"logTime": "0703/141821", "correlationVector":"+35yzzKNh13nzmM0aXk/gh.1","action":"SyncServerConnectionManagerRequest", "result":"SYNC_SERVER_OK", "context":{"environment":"Prod_southindia_prod-s01-004-apac-southindia", "migrationStage":"NotStarted", "server":"akswtt01400003t"}}
{"logTime": "0703/141821", "correlationVector":"+35yzzKNh13nzmM0aXk/gh.3","action":"Commit.Sessions", "result":"Success", "context":{"id":"864f8223-cef3-43e6-9d79-4a1a882845e7", "isDeleted":"true", "size":"0", "version":"1751552206726"}}
{"logTime": "0703/141821", "correlationVector":"+35yzzKNh13nzmM0aXk/gh.2","action":"Commit Response", "result":"Success", "context":Result: Success. cV=+35yzzKNh13nzmM0aXk/gh.0;server=akswtt01400003t;cloudType=Consumer;environment=Prod_southindia_prod-s01-004-apac-southindia;migrationStage=NotStarted}
